<?xml version="1.0" encoding="UTF-8"?>
<testsuite xmlns:xsi="http://www.w3.org/2001/XMLSchema-instance" xsi:noNamespaceSchemaLocation="https://maven.apache.org/surefire/maven-surefire-plugin/xsd/surefire-test-report.xsd" name="org.userMicroserviceClient.AppTest" time="0.013" tests="1" errors="0" skipped="0" failures="0">
  <properties>
    <property name="sun.desktop" value="windows"/>
    <property name="awt.toolkit" value="sun.awt.windows.WToolkit"/>
    <property name="file.encoding.pkg" value="sun.io"/>
    <property name="java.specification.version" value="1.8"/>
    <property name="sun.cpu.isalist" value="amd64"/>
    <property name="sun.jnu.encoding" value="Cp1252"/>
    <property name="java.class.path" value="C:\Users\Marko Markovic\eclipse-workspace\userMicroservice\userMicroserviceClient\target\test-classes;C:\Users\Marko Markovic\eclipse-workspace\userMicroservice\userMicroserviceClient\target\classes;C:\Users\Marko Markovic\.m2\repository\junit\junit\3.8.1\junit-3.8.1.jar;C:\Users\Marko Markovic\.m2\repository\org\springframework\cloud\spring-cloud-starter-openfeign\2.0.0.RELEASE\spring-cloud-starter-openfeign-2.0.0.RELEASE.jar;C:\Users\Marko Markovic\.m2\repository\org\springframework\cloud\spring-cloud-starter\2.0.0.RELEASE\spring-cloud-starter-2.0.0.RELEASE.jar;C:\Users\Marko Markovic\.m2\repository\org\springframework\boot\spring-boot-starter\2.1.0.RELEASE\spring-boot-starter-2.1.0.RELEASE.jar;C:\Users\Marko Markovic\.m2\repository\org\springframework\boot\spring-boot\2.1.0.RELEASE\spring-boot-2.1.0.RELEASE.jar;C:\Users\Marko Markovic\.m2\repository\org\springframework\spring-context\5.1.2.RELEASE\spring-context-5.1.2.RELEASE.jar;C:\Users\Marko Markovic\.m2\repository\org\springframework\spring-expression\5.1.2.RELEASE\spring-expression-5.1.2.RELEASE.jar;C:\Users\Marko Markovic\.m2\repository\org\springframework\boot\spring-boot-starter-logging\2.1.0.RELEASE\spring-boot-starter-logging-2.1.0.RELEASE.jar;C:\Users\Marko Markovic\.m2\repository\ch\qos\logback\logback-classic\1.2.3\logback-classic-1.2.3.jar;C:\Users\Marko Markovic\.m2\repository\ch\qos\logback\logback-core\1.2.3\logback-core-1.2.3.jar;C:\Users\Marko Markovic\.m2\repository\org\apache\logging\log4j\log4j-to-slf4j\2.11.1\log4j-to-slf4j-2.11.1.jar;C:\Users\Marko Markovic\.m2\repository\org\apache\logging\log4j\log4j-api\2.11.1\log4j-api-2.11.1.jar;C:\Users\Marko Markovic\.m2\repository\org\slf4j\jul-to-slf4j\1.7.25\jul-to-slf4j-1.7.25.jar;C:\Users\Marko Markovic\.m2\repository\javax\annotation\javax.annotation-api\1.3.2\javax.annotation-api-1.3.2.jar;C:\Users\Marko Markovic\.m2\repository\org\yaml\snakeyaml\1.23\snakeyaml-1.23.jar;C:\Users\Marko Markovic\.m2\repository\org\springframework\cloud\spring-cloud-context\2.0.0.RELEASE\spring-cloud-context-2.0.0.RELEASE.jar;C:\Users\Marko Markovic\.m2\repository\org\springframework\security\spring-security-rsa\1.0.5.RELEASE\spring-security-rsa-1.0.5.RELEASE.jar;C:\Users\Marko Markovic\.m2\repository\org\bouncycastle\bcpkix-jdk15on\1.56\bcpkix-jdk15on-1.56.jar;C:\Users\Marko Markovic\.m2\repository\org\bouncycastle\bcprov-jdk15on\1.56\bcprov-jdk15on-1.56.jar;C:\Users\Marko Markovic\.m2\repository\org\springframework\cloud\spring-cloud-openfeign-core\2.0.0.RELEASE\spring-cloud-openfeign-core-2.0.0.RELEASE.jar;C:\Users\Marko Markovic\.m2\repository\org\springframework\boot\spring-boot-autoconfigure\2.1.0.RELEASE\spring-boot-autoconfigure-2.1.0.RELEASE.jar;C:\Users\Marko Markovic\.m2\repository\org\springframework\cloud\spring-cloud-netflix-ribbon\2.0.0.RELEASE\spring-cloud-netflix-ribbon-2.0.0.RELEASE.jar;C:\Users\Marko Markovic\.m2\repository\org\springframework\boot\spring-boot-starter-aop\2.1.0.RELEASE\spring-boot-starter-aop-2.1.0.RELEASE.jar;C:\Users\Marko Markovic\.m2\repository\org\springframework\spring-aop\5.1.2.RELEASE\spring-aop-5.1.2.RELEASE.jar;C:\Users\Marko Markovic\.m2\repository\org\aspectj\aspectjweaver\1.9.2\aspectjweaver-1.9.2.jar;C:\Users\Marko Markovic\.m2\repository\org\springframework\spring-web\5.1.2.RELEASE\spring-web-5.1.2.RELEASE.jar;C:\Users\Marko Markovic\.m2\repository\org\springframework\spring-beans\5.1.2.RELEASE\spring-beans-5.1.2.RELEASE.jar;C:\Users\Marko Markovic\.m2\repository\org\springframework\spring-core\5.1.2.RELEASE\spring-core-5.1.2.RELEASE.jar;C:\Users\Marko Markovic\.m2\repository\org\springframework\spring-jcl\5.1.2.RELEASE\spring-jcl-5.1.2.RELEASE.jar;C:\Users\Marko Markovic\.m2\repository\org\springframework\cloud\spring-cloud-commons\2.0.0.RELEASE\spring-cloud-commons-2.0.0.RELEASE.jar;C:\Users\Marko Markovic\.m2\repository\org\springframework\security\spring-security-crypto\5.1.1.RELEASE\spring-security-crypto-5.1.1.RELEASE.jar;C:\Users\Marko Markovic\.m2\repository\io\github\openfeign\feign-core\9.5.1\feign-core-9.5.1.jar;C:\Users\Marko Markovic\.m2\repository\io\github\openfeign\feign-slf4j\9.5.1\feign-slf4j-9.5.1.jar;C:\Users\Marko Markovic\.m2\repository\org\slf4j\slf4j-api\1.7.25\slf4j-api-1.7.25.jar;C:\Users\Marko Markovic\.m2\repository\io\github\openfeign\feign-hystrix\9.5.1\feign-hystrix-9.5.1.jar;C:\Users\Marko Markovic\.m2\repository\com\netflix\archaius\archaius-core\0.6.6\archaius-core-0.6.6.jar;C:\Users\Marko Markovic\.m2\repository\com\google\code\findbugs\annotations\2.0.0\annotations-2.0.0.jar;C:\Users\Marko Markovic\.m2\repository\com\google\guava\guava\11.0.2\guava-11.0.2.jar;C:\Users\Marko Markovic\.m2\repository\com\google\code\findbugs\jsr305\1.3.9\jsr305-1.3.9.jar;C:\Users\Marko Markovic\.m2\repository\com\fasterxml\jackson\core\jackson-core\2.9.7\jackson-core-2.9.7.jar;C:\Users\Marko Markovic\.m2\repository\com\fasterxml\jackson\core\jackson-databind\2.9.7\jackson-databind-2.9.7.jar;C:\Users\Marko Markovic\.m2\repository\com\netflix\hystrix\hystrix-core\1.4.26\hystrix-core-1.4.26.jar;C:\Users\Marko Markovic\.m2\repository\io\github\openfeign\feign-java8\9.5.1\feign-java8-9.5.1.jar;C:\Users\Marko Markovic\.m2\repository\org\springframework\cloud\spring-cloud-starter-netflix-ribbon\2.0.0.RELEASE\spring-cloud-starter-netflix-ribbon-2.0.0.RELEASE.jar;C:\Users\Marko Markovic\.m2\repository\com\netflix\ribbon\ribbon\2.2.5\ribbon-2.2.5.jar;C:\Users\Marko Markovic\.m2\repository\com\netflix\ribbon\ribbon-transport\2.2.5\ribbon-transport-2.2.5.jar;C:\Users\Marko Markovic\.m2\repository\io\reactivex\rxnetty-contexts\0.4.9\rxnetty-contexts-0.4.9.jar;C:\Users\Marko Markovic\.m2\repository\io\reactivex\rxnetty-servo\0.4.9\rxnetty-servo-0.4.9.jar;C:\Users\Marko Markovic\.m2\repository\javax\inject\javax.inject\1\javax.inject-1.jar;C:\Users\Marko Markovic\.m2\repository\io\reactivex\rxnetty\0.4.9\rxnetty-0.4.9.jar;C:\Users\Marko Markovic\.m2\repository\io\netty\netty-codec-http\4.1.29.Final\netty-codec-http-4.1.29.Final.jar;C:\Users\Marko Markovic\.m2\repository\io\netty\netty-codec\4.1.29.Final\netty-codec-4.1.29.Final.jar;C:\Users\Marko Markovic\.m2\repository\io\netty\netty-transport-native-epoll\4.1.29.Final\netty-transport-native-epoll-4.1.29.Final.jar;C:\Users\Marko Markovic\.m2\repository\io\netty\netty-common\4.1.29.Final\netty-common-4.1.29.Final.jar;C:\Users\Marko Markovic\.m2\repository\io\netty\netty-buffer\4.1.29.Final\netty-buffer-4.1.29.Final.jar;C:\Users\Marko Markovic\.m2\repository\io\netty\netty-transport-native-unix-common\4.1.29.Final\netty-transport-native-unix-common-4.1.29.Final.jar;C:\Users\Marko Markovic\.m2\repository\io\netty\netty-transport\4.1.29.Final\netty-transport-4.1.29.Final.jar;C:\Users\Marko Markovic\.m2\repository\io\netty\netty-resolver\4.1.29.Final\netty-resolver-4.1.29.Final.jar;C:\Users\Marko Markovic\.m2\repository\com\netflix\ribbon\ribbon-core\2.2.5\ribbon-core-2.2.5.jar;C:\Users\Marko Markovic\.m2\repository\commons-lang\commons-lang\2.6\commons-lang-2.6.jar;C:\Users\Marko Markovic\.m2\repository\com\netflix\ribbon\ribbon-httpclient\2.2.5\ribbon-httpclient-2.2.5.jar;C:\Users\Marko Markovic\.m2\repository\commons-collections\commons-collections\3.2.2\commons-collections-3.2.2.jar;C:\Users\Marko Markovic\.m2\repository\org\apache\httpcomponents\httpclient\4.5.6\httpclient-4.5.6.jar;C:\Users\Marko Markovic\.m2\repository\org\apache\httpcomponents\httpcore\4.4.10\httpcore-4.4.10.jar;C:\Users\Marko Markovic\.m2\repository\commons-codec\commons-codec\1.11\commons-codec-1.11.jar;C:\Users\Marko Markovic\.m2\repository\com\sun\jersey\jersey-client\1.19.1\jersey-client-1.19.1.jar;C:\Users\Marko Markovic\.m2\repository\com\sun\jersey\jersey-core\1.19.1\jersey-core-1.19.1.jar;C:\Users\Marko Markovic\.m2\repository\javax\ws\rs\jsr311-api\1.1.1\jsr311-api-1.1.1.jar;C:\Users\Marko Markovic\.m2\repository\com\sun\jersey\contribs\jersey-apache-client4\1.19.1\jersey-apache-client4-1.19.1.jar;C:\Users\Marko Markovic\.m2\repository\com\netflix\servo\servo-core\0.10.1\servo-core-0.10.1.jar;C:\Users\Marko Markovic\.m2\repository\com\netflix\servo\servo-internal\0.10.1\servo-internal-0.10.1.jar;C:\Users\Marko Markovic\.m2\repository\com\netflix\netflix-commons\netflix-commons-util\0.1.1\netflix-commons-util-0.1.1.jar;C:\Users\Marko Markovic\.m2\repository\com\netflix\ribbon\ribbon-loadbalancer\2.2.5\ribbon-loadbalancer-2.2.5.jar;C:\Users\Marko Markovic\.m2\repository\com\netflix\netflix-commons\netflix-statistics\0.1.1\netflix-statistics-0.1.1.jar;C:\Users\Marko Markovic\.m2\repository\io\reactivex\rxjava\1.3.8\rxjava-1.3.8.jar;C:\Users\Marko Markovic\.m2\repository\org\springframework\cloud\spring-cloud-starter-netflix-archaius\2.0.0.RELEASE\spring-cloud-starter-netflix-archaius-2.0.0.RELEASE.jar;C:\Users\Marko Markovic\.m2\repository\org\springframework\cloud\spring-cloud-netflix-archaius\2.0.0.RELEASE\spring-cloud-netflix-archaius-2.0.0.RELEASE.jar;C:\Users\Marko Markovic\.m2\repository\commons-configuration\commons-configuration\1.8\commons-configuration-1.8.jar;C:\Users\Marko Markovic\.m2\repository\com\fasterxml\jackson\core\jackson-annotations\2.9.8\jackson-annotations-2.9.8.jar;"/>
    <property name="java.vm.vendor" value="Oracle Corporation"/>
    <property name="sun.arch.data.model" value="64"/>
    <property name="user.variant" value=""/>
    <property name="java.vendor.url" value="http://java.oracle.com/"/>
    <property name="user.timezone" value="Europe/Prague"/>
    <property name="java.vm.specification.version" value="1.8"/>
    <property name="os.name" value="Windows 10"/>
    <property name="user.country" value="US"/>
    <property name="sun.java.launcher" value="SUN_STANDARD"/>
    <property name="sun.boot.library.path" value="C:\Program Files\Java\jdk1.8.0_191\jre\bin"/>
    <property name="sun.java.command" value="C:\Users\MARKOM~1\AppData\Local\Temp\surefire2341545487871143325\surefirebooter374772609003861120.jar C:\Users\Marko Markovic\AppData\Local\Temp\surefire2341545487871143325 2019-05-26T23-44-39_613-jvmRun1 surefire6817237469188208029tmp surefire_0705180020492566659tmp"/>
    <property name="surefire.test.class.path" value="C:\Users\Marko Markovic\eclipse-workspace\userMicroservice\userMicroserviceClient\target\test-classes;C:\Users\Marko Markovic\eclipse-workspace\userMicroservice\userMicroserviceClient\target\classes;C:\Users\Marko Markovic\.m2\repository\junit\junit\3.8.1\junit-3.8.1.jar;C:\Users\Marko Markovic\.m2\repository\org\springframework\cloud\spring-cloud-starter-openfeign\2.0.0.RELEASE\spring-cloud-starter-openfeign-2.0.0.RELEASE.jar;C:\Users\Marko Markovic\.m2\repository\org\springframework\cloud\spring-cloud-starter\2.0.0.RELEASE\spring-cloud-starter-2.0.0.RELEASE.jar;C:\Users\Marko Markovic\.m2\repository\org\springframework\boot\spring-boot-starter\2.1.0.RELEASE\spring-boot-starter-2.1.0.RELEASE.jar;C:\Users\Marko Markovic\.m2\repository\org\springframework\boot\spring-boot\2.1.0.RELEASE\spring-boot-2.1.0.RELEASE.jar;C:\Users\Marko Markovic\.m2\repository\org\springframework\spring-context\5.1.2.RELEASE\spring-context-5.1.2.RELEASE.jar;C:\Users\Marko Markovic\.m2\repository\org\springframework\spring-expression\5.1.2.RELEASE\spring-expression-5.1.2.RELEASE.jar;C:\Users\Marko Markovic\.m2\repository\org\springframework\boot\spring-boot-starter-logging\2.1.0.RELEASE\spring-boot-starter-logging-2.1.0.RELEASE.jar;C:\Users\Marko Markovic\.m2\repository\ch\qos\logback\logback-classic\1.2.3\logback-classic-1.2.3.jar;C:\Users\Marko Markovic\.m2\repository\ch\qos\logback\logback-core\1.2.3\logback-core-1.2.3.jar;C:\Users\Marko Markovic\.m2\repository\org\apache\logging\log4j\log4j-to-slf4j\2.11.1\log4j-to-slf4j-2.11.1.jar;C:\Users\Marko Markovic\.m2\repository\org\apache\logging\log4j\log4j-api\2.11.1\log4j-api-2.11.1.jar;C:\Users\Marko Markovic\.m2\repository\org\slf4j\jul-to-slf4j\1.7.25\jul-to-slf4j-1.7.25.jar;C:\Users\Marko Markovic\.m2\repository\javax\annotation\javax.annotation-api\1.3.2\javax.annotation-api-1.3.2.jar;C:\Users\Marko Markovic\.m2\repository\org\yaml\snakeyaml\1.23\snakeyaml-1.23.jar;C:\Users\Marko Markovic\.m2\repository\org\springframework\cloud\spring-cloud-context\2.0.0.RELEASE\spring-cloud-context-2.0.0.RELEASE.jar;C:\Users\Marko Markovic\.m2\repository\org\springframework\security\spring-security-rsa\1.0.5.RELEASE\spring-security-rsa-1.0.5.RELEASE.jar;C:\Users\Marko Markovic\.m2\repository\org\bouncycastle\bcpkix-jdk15on\1.56\bcpkix-jdk15on-1.56.jar;C:\Users\Marko Markovic\.m2\repository\org\bouncycastle\bcprov-jdk15on\1.56\bcprov-jdk15on-1.56.jar;C:\Users\Marko Markovic\.m2\repository\org\springframework\cloud\spring-cloud-openfeign-core\2.0.0.RELEASE\spring-cloud-openfeign-core-2.0.0.RELEASE.jar;C:\Users\Marko Markovic\.m2\repository\org\springframework\boot\spring-boot-autoconfigure\2.1.0.RELEASE\spring-boot-autoconfigure-2.1.0.RELEASE.jar;C:\Users\Marko Markovic\.m2\repository\org\springframework\cloud\spring-cloud-netflix-ribbon\2.0.0.RELEASE\spring-cloud-netflix-ribbon-2.0.0.RELEASE.jar;C:\Users\Marko Markovic\.m2\repository\org\springframework\boot\spring-boot-starter-aop\2.1.0.RELEASE\spring-boot-starter-aop-2.1.0.RELEASE.jar;C:\Users\Marko Markovic\.m2\repository\org\springframework\spring-aop\5.1.2.RELEASE\spring-aop-5.1.2.RELEASE.jar;C:\Users\Marko Markovic\.m2\repository\org\aspectj\aspectjweaver\1.9.2\aspectjweaver-1.9.2.jar;C:\Users\Marko Markovic\.m2\repository\org\springframework\spring-web\5.1.2.RELEASE\spring-web-5.1.2.RELEASE.jar;C:\Users\Marko Markovic\.m2\repository\org\springframework\spring-beans\5.1.2.RELEASE\spring-beans-5.1.2.RELEASE.jar;C:\Users\Marko Markovic\.m2\repository\org\springframework\spring-core\5.1.2.RELEASE\spring-core-5.1.2.RELEASE.jar;C:\Users\Marko Markovic\.m2\repository\org\springframework\spring-jcl\5.1.2.RELEASE\spring-jcl-5.1.2.RELEASE.jar;C:\Users\Marko Markovic\.m2\repository\org\springframework\cloud\spring-cloud-commons\2.0.0.RELEASE\spring-cloud-commons-2.0.0.RELEASE.jar;C:\Users\Marko Markovic\.m2\repository\org\springframework\security\spring-security-crypto\5.1.1.RELEASE\spring-security-crypto-5.1.1.RELEASE.jar;C:\Users\Marko Markovic\.m2\repository\io\github\openfeign\feign-core\9.5.1\feign-core-9.5.1.jar;C:\Users\Marko Markovic\.m2\repository\io\github\openfeign\feign-slf4j\9.5.1\feign-slf4j-9.5.1.jar;C:\Users\Marko Markovic\.m2\repository\org\slf4j\slf4j-api\1.7.25\slf4j-api-1.7.25.jar;C:\Users\Marko Markovic\.m2\repository\io\github\openfeign\feign-hystrix\9.5.1\feign-hystrix-9.5.1.jar;C:\Users\Marko Markovic\.m2\repository\com\netflix\archaius\archaius-core\0.6.6\archaius-core-0.6.6.jar;C:\Users\Marko Markovic\.m2\repository\com\google\code\findbugs\annotations\2.0.0\annotations-2.0.0.jar;C:\Users\Marko Markovic\.m2\repository\com\google\guava\guava\11.0.2\guava-11.0.2.jar;C:\Users\Marko Markovic\.m2\repository\com\google\code\findbugs\jsr305\1.3.9\jsr305-1.3.9.jar;C:\Users\Marko Markovic\.m2\repository\com\fasterxml\jackson\core\jackson-core\2.9.7\jackson-core-2.9.7.jar;C:\Users\Marko Markovic\.m2\repository\com\fasterxml\jackson\core\jackson-databind\2.9.7\jackson-databind-2.9.7.jar;C:\Users\Marko Markovic\.m2\repository\com\netflix\hystrix\hystrix-core\1.4.26\hystrix-core-1.4.26.jar;C:\Users\Marko Markovic\.m2\repository\io\github\openfeign\feign-java8\9.5.1\feign-java8-9.5.1.jar;C:\Users\Marko Markovic\.m2\repository\org\springframework\cloud\spring-cloud-starter-netflix-ribbon\2.0.0.RELEASE\spring-cloud-starter-netflix-ribbon-2.0.0.RELEASE.jar;C:\Users\Marko Markovic\.m2\repository\com\netflix\ribbon\ribbon\2.2.5\ribbon-2.2.5.jar;C:\Users\Marko Markovic\.m2\repository\com\netflix\ribbon\ribbon-transport\2.2.5\ribbon-transport-2.2.5.jar;C:\Users\Marko Markovic\.m2\repository\io\reactivex\rxnetty-contexts\0.4.9\rxnetty-contexts-0.4.9.jar;C:\Users\Marko Markovic\.m2\repository\io\reactivex\rxnetty-servo\0.4.9\rxnetty-servo-0.4.9.jar;C:\Users\Marko Markovic\.m2\repository\javax\inject\javax.inject\1\javax.inject-1.jar;C:\Users\Marko Markovic\.m2\repository\io\reactivex\rxnetty\0.4.9\rxnetty-0.4.9.jar;C:\Users\Marko Markovic\.m2\repository\io\netty\netty-codec-http\4.1.29.Final\netty-codec-http-4.1.29.Final.jar;C:\Users\Marko Markovic\.m2\repository\io\netty\netty-codec\4.1.29.Final\netty-codec-4.1.29.Final.jar;C:\Users\Marko Markovic\.m2\repository\io\netty\netty-transport-native-epoll\4.1.29.Final\netty-transport-native-epoll-4.1.29.Final.jar;C:\Users\Marko Markovic\.m2\repository\io\netty\netty-common\4.1.29.Final\netty-common-4.1.29.Final.jar;C:\Users\Marko Markovic\.m2\repository\io\netty\netty-buffer\4.1.29.Final\netty-buffer-4.1.29.Final.jar;C:\Users\Marko Markovic\.m2\repository\io\netty\netty-transport-native-unix-common\4.1.29.Final\netty-transport-native-unix-common-4.1.29.Final.jar;C:\Users\Marko Markovic\.m2\repository\io\netty\netty-transport\4.1.29.Final\netty-transport-4.1.29.Final.jar;C:\Users\Marko Markovic\.m2\repository\io\netty\netty-resolver\4.1.29.Final\netty-resolver-4.1.29.Final.jar;C:\Users\Marko Markovic\.m2\repository\com\netflix\ribbon\ribbon-core\2.2.5\ribbon-core-2.2.5.jar;C:\Users\Marko Markovic\.m2\repository\commons-lang\commons-lang\2.6\commons-lang-2.6.jar;C:\Users\Marko Markovic\.m2\repository\com\netflix\ribbon\ribbon-httpclient\2.2.5\ribbon-httpclient-2.2.5.jar;C:\Users\Marko Markovic\.m2\repository\commons-collections\commons-collections\3.2.2\commons-collections-3.2.2.jar;C:\Users\Marko Markovic\.m2\repository\org\apache\httpcomponents\httpclient\4.5.6\httpclient-4.5.6.jar;C:\Users\Marko Markovic\.m2\repository\org\apache\httpcomponents\httpcore\4.4.10\httpcore-4.4.10.jar;C:\Users\Marko Markovic\.m2\repository\commons-codec\commons-codec\1.11\commons-codec-1.11.jar;C:\Users\Marko Markovic\.m2\repository\com\sun\jersey\jersey-client\1.19.1\jersey-client-1.19.1.jar;C:\Users\Marko Markovic\.m2\repository\com\sun\jersey\jersey-core\1.19.1\jersey-core-1.19.1.jar;C:\Users\Marko Markovic\.m2\repository\javax\ws\rs\jsr311-api\1.1.1\jsr311-api-1.1.1.jar;C:\Users\Marko Markovic\.m2\repository\com\sun\jersey\contribs\jersey-apache-client4\1.19.1\jersey-apache-client4-1.19.1.jar;C:\Users\Marko Markovic\.m2\repository\com\netflix\servo\servo-core\0.10.1\servo-core-0.10.1.jar;C:\Users\Marko Markovic\.m2\repository\com\netflix\servo\servo-internal\0.10.1\servo-internal-0.10.1.jar;C:\Users\Marko Markovic\.m2\repository\com\netflix\netflix-commons\netflix-commons-util\0.1.1\netflix-commons-util-0.1.1.jar;C:\Users\Marko Markovic\.m2\repository\com\netflix\ribbon\ribbon-loadbalancer\2.2.5\ribbon-loadbalancer-2.2.5.jar;C:\Users\Marko Markovic\.m2\repository\com\netflix\netflix-commons\netflix-statistics\0.1.1\netflix-statistics-0.1.1.jar;C:\Users\Marko Markovic\.m2\repository\io\reactivex\rxjava\1.3.8\rxjava-1.3.8.jar;C:\Users\Marko Markovic\.m2\repository\org\springframework\cloud\spring-cloud-starter-netflix-archaius\2.0.0.RELEASE\spring-cloud-starter-netflix-archaius-2.0.0.RELEASE.jar;C:\Users\Marko Markovic\.m2\repository\org\springframework\cloud\spring-cloud-netflix-archaius\2.0.0.RELEASE\spring-cloud-netflix-archaius-2.0.0.RELEASE.jar;C:\Users\Marko Markovic\.m2\repository\commons-configuration\commons-configuration\1.8\commons-configuration-1.8.jar;C:\Users\Marko Markovic\.m2\repository\com\fasterxml\jackson\core\jackson-annotations\2.9.8\jackson-annotations-2.9.8.jar;"/>
    <property name="sun.cpu.endian" value="little"/>
    <property name="user.home" value="C:\Users\Marko Markovic"/>
    <property name="user.language" value="en"/>
    <property name="java.specification.vendor" value="Oracle Corporation"/>
    <property name="java.home" value="C:\Program Files\Java\jdk1.8.0_191\jre"/>
    <property name="basedir" value="C:\Users\Marko Markovic\eclipse-workspace\userMicroservice\userMicroserviceClient"/>
    <property name="file.separator" value="\"/>
    <property name="line.separator" value="&#10;"/>
    <property name="java.vm.specification.vendor" value="Oracle Corporation"/>
    <property name="java.specification.name" value="Java Platform API Specification"/>
    <property name="java.awt.graphicsenv" value="sun.awt.Win32GraphicsEnvironment"/>
    <property name="surefire.real.class.path" value="C:\Users\MARKOM~1\AppData\Local\Temp\surefire2341545487871143325\surefirebooter374772609003861120.jar"/>
    <property name="sun.boot.class.path" value="C:\Program Files\Java\jdk1.8.0_191\jre\lib\resources.jar;C:\Program Files\Java\jdk1.8.0_191\jre\lib\rt.jar;C:\Program Files\Java\jdk1.8.0_191\jre\lib\sunrsasign.jar;C:\Program Files\Java\jdk1.8.0_191\jre\lib\jsse.jar;C:\Program Files\Java\jdk1.8.0_191\jre\lib\jce.jar;C:\Program Files\Java\jdk1.8.0_191\jre\lib\charsets.jar;C:\Program Files\Java\jdk1.8.0_191\jre\lib\jfr.jar;C:\Program Files\Java\jdk1.8.0_191\jre\classes"/>
    <property name="user.script" value=""/>
    <property name="sun.management.compiler" value="HotSpot 64-Bit Tiered Compilers"/>
    <property name="java.runtime.version" value="1.8.0_191-b12"/>
    <property name="user.name" value="Marko Markovic"/>
    <property name="path.separator" value=";"/>
    <property name="os.version" value="10.0"/>
    <property name="java.endorsed.dirs" value="C:\Program Files\Java\jdk1.8.0_191\jre\lib\endorsed"/>
    <property name="java.runtime.name" value="Java(TM) SE Runtime Environment"/>
    <property name="file.encoding" value="Cp1252"/>
    <property name="java.vm.name" value="Java HotSpot(TM) 64-Bit Server VM"/>
    <property name="localRepository" value="C:\Users\Marko Markovic\.m2\repository"/>
    <property name="java.vendor.url.bug" value="http://bugreport.sun.com/bugreport/"/>
    <property name="java.io.tmpdir" value="C:\Users\MARKOM~1\AppData\Local\Temp\"/>
    <property name="java.version" value="1.8.0_191"/>
    <property name="user.dir" value="C:\Users\Marko Markovic\eclipse-workspace\userMicroservice\userMicroserviceClient"/>
    <property name="os.arch" value="amd64"/>
    <property name="java.vm.specification.name" value="Java Virtual Machine Specification"/>
    <property name="java.awt.printerjob" value="sun.awt.windows.WPrinterJob"/>
    <property name="sun.os.patch.level" value=""/>
    <property name="java.library.path" value="C:\Program Files\Java\jdk1.8.0_191\jre\bin;C:\WINDOWS\Sun\Java\bin;C:\WINDOWS\system32;C:\WINDOWS;C:/Program Files/Java/jre1.8.0_191/bin/server;C:/Program Files/Java/jre1.8.0_191/bin;C:/Program Files/Java/jre1.8.0_191/lib/amd64;C:\Program Files (x86)\Common Files\Oracle\Java\javapath;C:\WINDOWS\system32;C:\WINDOWS;C:\WINDOWS\System32\Wbem;C:\WINDOWS\System32\WindowsPowerShell\v1.0\;C:\Program Files\dotnet\;C:\Program Files\Microsoft SQL Server\130\Tools\Binn\;C:\Program Files\nodejs\;C:\WINDOWS\System32\OpenSSH\;C:\Program Files\Git\cmd;C:\Program Files\Java\jdk1.8.0_191\bin;C:\Program Files\Java\jre1.8.0_191\bin;C:\Users\Marko Markovic\AppData\Local\Microsoft\WindowsApps;C:\Users\Marko Markovic\AppData\Roaming\npm;C:\Users\Marko Markovic\AppData\Local\Programs\Microsoft VS Code\bin;C:\Users\Marko Markovic\AppData\Local\GitHubDesktop\bin;C:\eclipse;;."/>
    <property name="java.vm.info" value="mixed mode"/>
    <property name="java.vendor" value="Oracle Corporation"/>
    <property name="java.vm.version" value="25.191-b12"/>
    <property name="java.ext.dirs" value="C:\Program Files\Java\jdk1.8.0_191\jre\lib\ext;C:\WINDOWS\Sun\Java\lib\ext"/>
    <property name="sun.io.unicode.encoding" value="UnicodeLittle"/>
    <property name="java.class.version" value="52.0"/>
  </properties>
  <testcase name="testApp" classname="org.userMicroserviceClient.AppTest" time="0.002"/>
</testsuite>